<?xml version="1.0" encoding="UTF-8"?>
<testng-results skipped="0" failed="0" ignored="0" total="1" passed="1">
  <reporter-output>
  </reporter-output>
  <suite name="TestSuite" duration-ms="4162" started-at="2017-11-30T11:19:47Z" finished-at="2017-11-30T11:19:51Z">
    <groups>
    </groups>
    <test name="test" duration-ms="4162" started-at="2017-11-30T11:19:47Z" finished-at="2017-11-30T11:19:51Z">
      <class name="OwenC.AutomatedTestingWeek.TestNGTesting">
        <test-method status="PASS" signature="setUp(java.lang.String)[pri:0, instance:OwenC.AutomatedTestingWeek.TestNGTesting@4eb7f003]" name="setUp" is-config="true" duration-ms="3172" started-at="2017-11-30T11:19:47Z" finished-at="2017-11-30T11:19:50Z">
          <params>
            <param index="0">
              <value>
                <![CDATA[firefox]]>
              </value>
            </param>
          </params>
          <reporter-output>
          </reporter-output>
        </test-method> <!-- setUp -->
        <test-method status="PASS" signature="test()[pri:0, instance:OwenC.AutomatedTestingWeek.TestNGTesting@4eb7f003]" name="test" duration-ms="768" started-at="2017-11-30T11:19:50Z" finished-at="2017-11-30T11:19:51Z">
          <reporter-output>
          </reporter-output>
        </test-method> <!-- test -->
        <test-method status="PASS" signature="tearDown()[pri:0, instance:OwenC.AutomatedTestingWeek.TestNGTesting@4eb7f003]" name="tearDown" is-config="true" duration-ms="211" started-at="2017-11-30T11:19:51Z" finished-at="2017-11-30T11:19:51Z">
          <reporter-output>
          </reporter-output>
        </test-method> <!-- tearDown -->
      </class> <!-- OwenC.AutomatedTestingWeek.TestNGTesting -->
    </test> <!-- test -->
  </suite> <!-- TestSuite -->
</testng-results>
